<?xml version="1.0" encoding="UTF-8"?>
<testsuite xmlns:xsi="http://www.w3.org/2001/XMLSchema-instance" xsi:noNamespaceSchemaLocation="https://maven.apache.org/surefire/maven-surefire-plugin/xsd/surefire-test-report-3.0.xsd" version="3.0" name="com.sliit.se3010_testing.Member1AssertionsTest" time="9.799" tests="4" errors="0" skipped="0" failures="0">
  <properties>
[...]
</properties>
  <testcase name="testCreateStudent_AssertStatus201AndBody" classname="com.sliit.se3010_testing.Member1AssertionsTest" time="1.092">
    <system-out><![CDATA[12:21:21.714 [main] INFO org.springframework.test.context.support.AnnotationConfigContextLoaderUtils -- Could not detect default configuration classes for test class [com.sliit.se3010_testing.Member1AssertionsTest]: Member1AssertionsTest does not declare any static, non-private, non-final, nested classes annotated with @Configuration.
12:21:21.795 [main] INFO org.springframework.boot.test.context.SpringBootTestContextBootstrapper -- Found @SpringBootConfiguration com.sliit.se3010_testing.Se3010TestingApplication for test class com.sliit.se3010_testing.Member1AssertionsTest

  .   ____          _            __ _ _
 /\\ / ___'_ __ _ _(_)_ __  __ _ \ \ \ \
( ( )\___ | '_ | '_| | '_ \/ _` | \ \ \ \
 \\/  ___)| |_)| | | | | || (_| |  ) ) ) )
  '  |____| .__|_| |_|_| |_\__, | / / / /
 =========|_|==============|___/=/_/_/_/

 :: Spring Boot ::                (v3.4.3)

2026-03-02T12:21:22.179+05:30  INFO 29672 --- [se3010-testing] [           main] c.s.s.Member1AssertionsTest              : Starting Member1AssertionsTest using Java 21.0.2 with PID 29672 (started by Layathma Perera in C:\Users\Layathma Perera\Desktop\SLIIT\SEPQM\QA-tool-test-project\se3010-testing)
2026-03-02T12:21:22.180+05:30  INFO 29672 --- [se3010-testing] [           main] c.s.s.Member1AssertionsTest              : No active profile set, falling back to 1 default profile: "default"
2026-03-02T12:21:22.807+05:30  INFO 29672 --- [se3010-testing] [           main] .s.d.r.c.RepositoryConfigurationDelegate : Bootstrapping Spring Data JPA repositories in DEFAULT mode.
2026-03-02T12:21:22.887+05:30  INFO 29672 --- [se3010-testing] [           main] .s.d.r.c.RepositoryConfigurationDelegate : Finished Spring Data repository scanning in 61 ms. Found 1 JPA repository interface.
2026-03-02T12:21:23.449+05:30  INFO 29672 --- [se3010-testing] [           main] o.hibernate.jpa.internal.util.LogHelper  : HHH000204: Processing PersistenceUnitInfo [name: default]
2026-03-02T12:21:23.504+05:30  INFO 29672 --- [se3010-testing] [           main] org.hibernate.Version                    : HHH000412: Hibernate ORM core version 6.6.8.Final
2026-03-02T12:21:23.523+05:30  INFO 29672 --- [se3010-testing] [           main] o.h.c.internal.RegionFactoryInitiator    : HHH000026: Second-level cache disabled
2026-03-02T12:21:23.806+05:30  INFO 29672 --- [se3010-testing] [           main] o.s.o.j.p.SpringPersistenceUnitInfo      : No LoadTimeWeaver setup: ignoring JPA class transformer
2026-03-02T12:21:23.864+05:30  INFO 29672 --- [se3010-testing] [           main] com.zaxxer.hikari.HikariDataSource       : HikariPool-1 - Starting...
2026-03-02T12:21:25.924+05:30  INFO 29672 --- [se3010-testing] [           main] com.zaxxer.hikari.pool.HikariPool        : HikariPool-1 - Added connection org.postgresql.jdbc.PgConnection@3bcc8f13
2026-03-02T12:21:25.925+05:30  INFO 29672 --- [se3010-testing] [           main] com.zaxxer.hikari.HikariDataSource       : HikariPool-1 - Start completed.
2026-03-02T12:21:26.124+05:30  WARN 29672 --- [se3010-testing] [           main] org.hibernate.orm.deprecation            : HHH90000025: PostgreSQLDialect does not need to be specified explicitly using 'hibernate.dialect' (remove the property setting and it will be selected by default)
2026-03-02T12:21:26.339+05:30  INFO 29672 --- [se3010-testing] [           main] org.hibernate.orm.connections.pooling    : HHH10001005: Database info:
	Database JDBC URL [Connecting through datasource 'HikariDataSource (HikariPool-1)']
	Database driver: undefined/unknown
	Database version: 17.8
	Autocommit mode: undefined/unknown
	Isolation level: undefined/unknown
	Minimum pool size: undefined/unknown
	Maximum pool size: undefined/unknown
2026-03-02T12:21:26.873+05:30  INFO 29672 --- [se3010-testing] [           main] o.h.e.t.j.p.i.JtaPlatformInitiator       : HHH000489: No JTA platform available (set 'hibernate.transaction.jta.platform' to enable JTA platform integration)
Hibernate: create table student (id bigint generated by default as identity, age integer not null, course varchar(255), email varchar(255), name varchar(255), primary key (id))
2026-03-02T12:21:27.614+05:30  INFO 29672 --- [se3010-testing] [           main] j.LocalContainerEntityManagerFactoryBean : Initialized JPA EntityManagerFactory for persistence unit 'default'
2026-03-02T12:21:28.252+05:30  WARN 29672 --- [se3010-testing] [           main] JpaBaseConfiguration$JpaWebConfiguration : spring.jpa.open-in-view is enabled by default. Therefore, database queries may be performed during view rendering. Explicitly configure spring.jpa.open-in-view to disable this warning
2026-03-02T12:21:28.977+05:30  INFO 29672 --- [se3010-testing] [           main] o.s.b.t.m.w.SpringBootMockServletContext : Initializing Spring TestDispatcherServlet ''
2026-03-02T12:21:28.977+05:30  INFO 29672 --- [se3010-testing] [           main] o.s.t.web.servlet.TestDispatcherServlet  : Initializing Servlet ''
2026-03-02T12:21:28.981+05:30  INFO 29672 --- [se3010-testing] [           main] o.s.t.web.servlet.TestDispatcherServlet  : Completed initialization in 2 ms
2026-03-02T12:21:29.008+05:30  INFO 29672 --- [se3010-testing] [           main] c.s.s.Member1AssertionsTest              : Started Member1AssertionsTest in 7.113 seconds (process running for 8.145)
Hibernate: select s1_0.id,s1_0.age,s1_0.course,s1_0.email,s1_0.name from student s1_0
Hibernate: insert into student (age,course,email,name) values (?,?,?,?)
]]></system-out>
    <system-err><![CDATA[Mockito is currently self-attaching to enable the inline-mock-maker. This will no longer work in future releases of the JDK. Please add Mockito as an agent to your build what is described in Mockito's documentation: https://javadoc.io/doc/org.mockito/mockito-core/latest/org/mockito/Mockito.html#0.3
WARNING: A Java agent has been loaded dynamically (C:\Users\Layathma Perera\.m2\repository\net\bytebuddy\byte-buddy-agent\1.15.11\byte-buddy-agent-1.15.11.jar)
WARNING: If a serviceability tool is in use, please run with -XX:+EnableDynamicAgentLoading to hide this warning
WARNING: If a serviceability tool is not in use, please run with -Djdk.instrument.traceUsage for more information
WARNING: Dynamic loading of agents will be disallowed by default in a future release
]]></system-err>
  </testcase>
  <testcase name="testCreateStudent_NegativeCase_BadRequest400" classname="com.sliit.se3010_testing.Member1AssertionsTest" time="0.282">
    <system-out><![CDATA[Hibernate: select s1_0.id,s1_0.age,s1_0.course,s1_0.email,s1_0.name from student s1_0
Hibernate: delete from student where id=?
2026-03-02T12:21:30.401+05:30  WARN 29672 --- [se3010-testing] [           main] .w.s.m.s.DefaultHandlerExceptionResolver : Resolved [org.springframework.http.converter.HttpMessageNotReadableException: JSON parse error: Unexpected character ('i' (code 105)): was expecting double-quote to start field name]
]]></system-out>
  </testcase>
  <testcase name="testGetStudent_NegativeCase_StudentNotFound404" classname="com.sliit.se3010_testing.Member1AssertionsTest" time="0.346">
    <system-out><![CDATA[Hibernate: select s1_0.id,s1_0.age,s1_0.course,s1_0.email,s1_0.name from student s1_0
Hibernate: select s1_0.id,s1_0.age,s1_0.course,s1_0.email,s1_0.name from student s1_0 where s1_0.id=?
]]></system-out>
  </testcase>
  <testcase name="testGetStudent_AssertStatus200" classname="com.sliit.se3010_testing.Member1AssertionsTest" time="0.558">
    <system-out><![CDATA[Hibernate: select s1_0.id,s1_0.age,s1_0.course,s1_0.email,s1_0.name from student s1_0
Hibernate: insert into student (age,course,email,name) values (?,?,?,?)
Hibernate: select s1_0.id,s1_0.age,s1_0.course,s1_0.email,s1_0.name from student s1_0 where s1_0.id=?
]]></system-out>
  </testcase>
</testsuite>